[debug] [2026-03-05T07:41:31.777Z] ----------------------------------------------------------------------
[debug] [2026-03-05T07:41:31.782Z] Command:       /usr/local/bin/firebase /Users/emrekocabas/.cache/firebase/tools/lib/node_modules/firebase-tools/lib/bin/firebase init
[debug] [2026-03-05T07:41:31.782Z] CLI Version:   14.26.0
[debug] [2026-03-05T07:41:31.782Z] Platform:      darwin
[debug] [2026-03-05T07:41:31.782Z] Node Version:  v20.18.2
[debug] [2026-03-05T07:41:31.783Z] Time:          Thu Mar 05 2026 07:41:31 GMT+0000 (Greenwich Mean Time)
[debug] [2026-03-05T07:41:31.783Z] ----------------------------------------------------------------------
[debug] 
[debug] [2026-03-05T07:41:31.786Z] >>> [apiv2][query] GET https://firebase-public.firebaseio.com/cli.json [none]
[info] 
     ######## #### ########  ######## ########     ###     ######  ########
     ##        ##  ##     ## ##       ##     ##  ##   ##  ##       ##
     ######    ##  ########  ######   ########  #########  ######  ######
     ##        ##  ##    ##  ##       ##     ## ##     ##       ## ##
     ##       #### ##     ## ######## ########  ##     ##  ######  ########

You're about to initialize a Firebase project in this directory:

  /Users/emrekocabas/iOS/githubassembly

[debug] [2026-03-05T07:41:32.716Z] <<< [apiv2][status] GET https://firebase-public.firebaseio.com/cli.json 200
[debug] [2026-03-05T07:41:32.717Z] <<< [apiv2][body] GET https://firebase-public.firebaseio.com/cli.json {"cloudBuildErrorAfter":1594252800000,"cloudBuildWarnAfter":1590019200000,"defaultNode10After":1594252800000,"minVersion":"3.0.5","node8DeploysDisabledAfter":1613390400000,"node8RuntimeDisabledAfter":1615809600000,"node8WarnAfter":1600128000000}
[debug] [2026-03-05T07:41:52.193Z] ExitPromptError: User force closed the prompt with SIGINT
    at Interface.sigint (/Users/emrekocabas/.cache/firebase/tools/lib/node_modules/@inquirer/core/dist/commonjs/lib/create-prompt.js:101:37)
    at Interface.emit (node:events:518:28)
    at Interface.emit (node:domain:489:12)
    at [_ttyWrite] [as _ttyWrite] (node:internal/readline/interface:1125:18)
    at ReadStream.onkeypress (node:internal/readline/interface:264:20)
    at ReadStream.emit (node:events:530:35)
    at ReadStream.emit (node:domain:489:12)
    at emitKeys (node:internal/readline/utils:371:14)
    at emitKeys.next (<anonymous>)
    at ReadStream.onData (node:internal/readline/emitKeypressEvents:64:36)
[error] 
[error] Error: An unexpected error has occurred.
